
  Database: postgresql://postgres:Harrison12_!@localhost:5432/resistance
  IBKR client ID: 60
  Data source: IBKR
  Downloading 22 pairs (365d hourly, 365d daily, 365d minute)...
  [1/22] EURUSD (EURUSD=X) starting
    EURUSD: downloading 1d data (365d target)
    EURUSD: 1d -> 365/365d rows expected
    EURUSD: downloading 1h data (target 8760 rows)
    EURUSD: 1h -> 8729/8760 rows expected
    EURUSD: downloading 1m data (target 525600 rows)
    minute chunk 1/53: 2026-02-24 22:15:00+00:00 -> 2026-03-05 21:59:00+00:00 (9975 rows)
    minute chunk 2/53: 2026-02-15 22:15:00+00:00 -> 2026-02-24 21:59:00+00:00 (9975 rows)
    minute chunk 3/53: 2026-02-04 22:15:00+00:00 -> 2026-02-13 21:59:00+00:00 (9975 rows)
    minute chunk 4/53: 2026-01-26 22:15:00+00:00 -> 2026-02-04 21:59:00+00:00 (9975 rows)
    minute chunk 5/53: 2026-01-15 22:15:00+00:00 -> 2026-01-26 21:59:00+00:00 (9975 rows)
    minute chunk 6/53: 2026-01-06 22:15:00+00:00 -> 2026-01-15 21:59:00+00:00 (9975 rows)
    minute chunk 7/53: 2025-12-26 00:00:00+00:00 -> 2026-01-06 21:59:00+00:00 (9765 rows)
    minute chunk 8/53: 2025-12-15 22:15:00+00:00 -> 2025-12-24 21:59:00+00:00 (9975 rows)
    minute chunk 9/53: 2025-12-04 22:15:00+00:00 -> 2025-12-15 21:59:00+00:00 (9975 rows)
    minute chunk 10/53: 2025-11-25 22:15:00+00:00 -> 2025-12-04 21:59:00+00:00 (9975 rows)
    minute chunk 11/53: 2025-11-16 22:15:00+00:00 -> 2025-11-25 21:59:00+00:00 (9975 rows)
    minute chunk 12/53: 2025-11-05 22:15:00+00:00 -> 2025-11-14 21:59:00+00:00 (9975 rows)
    minute chunk 13/53: 2025-10-27 21:15:00+00:00 -> 2025-11-05 21:59:00+00:00 (9975 rows)
    minute chunk 14/53: 2025-10-16 21:15:00+00:00 -> 2025-10-27 20:59:00+00:00 (9975 rows)
    minute chunk 15/53: 2025-10-07 21:15:00+00:00 -> 2025-10-16 20:59:00+00:00 (9975 rows)
    minute chunk 16/53: 2025-09-28 21:15:00+00:00 -> 2025-10-07 20:59:00+00:00 (9975 rows)
    minute chunk 17/53: 2025-09-17 21:15:00+00:00 -> 2025-09-26 20:59:00+00:00 (9975 rows)
    minute chunk 18/53: 2025-09-08 21:15:00+00:00 -> 2025-09-17 20:59:00+00:00 (9975 rows)
    minute chunk 19/53: 2025-08-28 21:15:00+00:00 -> 2025-09-08 20:59:00+00:00 (9975 rows)
    minute chunk 20/53: 2025-08-19 21:15:00+00:00 -> 2025-08-28 20:59:00+00:00 (9975 rows)
    minute chunk 21/53: 2025-08-10 21:15:00+00:00 -> 2025-08-19 20:59:00+00:00 (9975 rows)
    minute chunk 22/53: 2025-07-30 21:15:00+00:00 -> 2025-08-08 20:59:00+00:00 (9975 rows)
    minute chunk 23/53: 2025-07-21 21:15:00+00:00 -> 2025-07-30 20:59:00+00:00 (9975 rows)
    minute chunk 24/53: 2025-07-10 21:15:00+00:00 -> 2025-07-21 20:59:00+00:00 (9975 rows)
    minute chunk 25/53: 2025-07-01 21:15:00+00:00 -> 2025-07-10 20:59:00+00:00 (9975 rows)
    minute chunk 26/53: 2025-06-22 21:15:00+00:00 -> 2025-07-01 20:59:00+00:00 (9975 rows)
    minute chunk 27/53: 2025-06-11 21:15:00+00:00 -> 2025-06-20 20:59:00+00:00 (9975 rows)
    minute chunk 28/53: 2025-06-02 21:15:00+00:00 -> 2025-06-11 20:59:00+00:00 (9975 rows)
    minute chunk 29/53: 2025-05-22 21:15:00+00:00 -> 2025-06-02 20:59:00+00:00 (9975 rows)
    minute chunk 30/53: 2025-05-13 21:15:00+00:00 -> 2025-05-22 20:59:00+00:00 (9975 rows)
    minute chunk 31/53: 2025-05-04 21:15:00+00:00 -> 2025-05-13 20:59:00+00:00 (9975 rows)
    minute chunk 32/53: 2025-04-23 21:15:00+00:00 -> 2025-05-02 20:59:00+00:00 (9975 rows)
    minute chunk 33/53: 2025-04-14 21:15:00+00:00 -> 2025-04-23 20:59:00+00:00 (9810 rows)
    minute chunk 34/53: 2025-04-03 21:15:00+00:00 -> 2025-04-14 20:59:00+00:00 (9975 rows)
    minute chunk 35/53: 2025-03-25 21:15:00+00:00 -> 2025-04-03 20:59:00+00:00 (9975 rows)
    minute chunk 36/53: 2025-03-16 21:15:00+00:00 -> 2025-03-25 20:59:00+00:00 (9975 rows)
    minute chunk 37/53: 2025-03-13 21:15:00+00:00 -> 2025-03-14 20:59:00+00:00 (1425 rows)
    EURUSD: 1m -> 367480/525600 rows expected
    [1/22] EURUSD: 365 daily bars, 8729 hourly bars, 367480 minute bars
  [2/22] USDJPY (JPY=X) starting
    USDJPY: downloading 1d data (365d target)
    USDJPY: 1d -> 365/365d rows expected
    USDJPY: downloading 1h data (target 8760 rows)
    USDJPY: 1h -> 8729/8760 rows expected
    USDJPY: downloading 1m data (target 525600 rows)
    minute chunk 1/53: 2026-02-24 22:15:00+00:00 -> 2026-03-05 21:59:00+00:00 (9975 rows)
    minute chunk 2/53: 2026-02-15 22:15:00+00:00 -> 2026-02-24 21:59:00+00:00 (9975 rows)
    minute chunk 3/53: 2026-02-04 22:15:00+00:00 -> 2026-02-13 21:59:00+00:00 (9975 rows)
    minute chunk 4/53: 2026-01-26 22:15:00+00:00 -> 2026-02-04 21:59:00+00:00 (9975 rows)
    minute chunk 5/53: 2026-01-15 22:15:00+00:00 -> 2026-01-26 21:59:00+00:00 (9975 rows)
    minute chunk 6/53: 2026-01-06 22:15:00+00:00 -> 2026-01-15 21:59:00+00:00 (9975 rows)
    minute chunk 7/53: 2025-12-26 00:00:00+00:00 -> 2026-01-06 21:59:00+00:00 (9765 rows)
    minute chunk 8/53: 2025-12-15 22:15:00+00:00 -> 2025-12-24 21:59:00+00:00 (9975 rows)
    minute chunk 9/53: 2025-12-04 22:15:00+00:00 -> 2025-12-15 21:59:00+00:00 (9975 rows)
    minute chunk 10/53: 2025-11-25 22:15:00+00:00 -> 2025-12-04 21:59:00+00:00 (9975 rows)
    minute chunk 11/53: 2025-11-16 22:15:00+00:00 -> 2025-11-25 21:59:00+00:00 (9975 rows)
    minute chunk 12/53: 2025-11-05 22:15:00+00:00 -> 2025-11-14 21:59:00+00:00 (9975 rows)
    minute chunk 13/53: 2025-10-27 21:15:00+00:00 -> 2025-11-05 21:59:00+00:00 (9975 rows)
    minute chunk 14/53: 2025-10-16 21:15:00+00:00 -> 2025-10-27 20:59:00+00:00 (9975 rows)
    minute chunk 15/53: 2025-10-07 21:15:00+00:00 -> 2025-10-16 20:59:00+00:00 (9975 rows)
    minute chunk 16/53: 2025-09-28 21:15:00+00:00 -> 2025-10-07 20:59:00+00:00 (9975 rows)
    minute chunk 17/53: 2025-09-17 21:15:00+00:00 -> 2025-09-26 20:59:00+00:00 (9975 rows)
    minute chunk 18/53: 2025-09-08 21:15:00+00:00 -> 2025-09-17 20:59:00+00:00 (9975 rows)
    minute chunk 19/53: 2025-08-28 21:15:00+00:00 -> 2025-09-08 20:59:00+00:00 (9975 rows)
    minute chunk 20/53: 2025-08-19 21:15:00+00:00 -> 2025-08-28 20:59:00+00:00 (9975 rows)
    minute chunk 21/53: 2025-08-10 21:15:00+00:00 -> 2025-08-19 20:59:00+00:00 (9975 rows)
    minute chunk 22/53: 2025-07-30 21:15:00+00:00 -> 2025-08-08 20:59:00+00:00 (9975 rows)
    minute chunk 23/53: 2025-07-21 21:15:00+00:00 -> 2025-07-30 20:59:00+00:00 (9975 rows)
    minute chunk 24/53: 2025-07-10 21:15:00+00:00 -> 2025-07-21 20:59:00+00:00 (9975 rows)
    minute chunk 25/53: 2025-07-01 21:15:00+00:00 -> 2025-07-10 20:59:00+00:00 (9975 rows)
    minute chunk 26/53: 2025-06-22 21:15:00+00:00 -> 2025-07-01 20:59:00+00:00 (9975 rows)
    minute chunk 27/53: 2025-06-11 21:15:00+00:00 -> 2025-06-20 20:59:00+00:00 (9975 rows)
    minute chunk 28/53: 2025-06-02 21:15:00+00:00 -> 2025-06-11 20:59:00+00:00 (9975 rows)
    minute chunk 29/53: 2025-05-22 21:15:00+00:00 -> 2025-06-02 20:59:00+00:00 (9975 rows)
    minute chunk 30/53: 2025-05-13 21:15:00+00:00 -> 2025-05-22 20:59:00+00:00 (9975 rows)
    minute chunk 31/53: 2025-05-04 21:15:00+00:00 -> 2025-05-13 20:59:00+00:00 (9975 rows)
    minute chunk 32/53: 2025-04-23 21:15:00+00:00 -> 2025-05-02 20:59:00+00:00 (9975 rows)
    minute chunk 33/53: 2025-04-14 21:15:00+00:00 -> 2025-04-23 20:59:00+00:00 (9810 rows)
    minute chunk 34/53: 2025-04-03 21:15:00+00:00 -> 2025-04-14 20:59:00+00:00 (9975 rows)
    minute chunk 35/53: 2025-03-25 21:15:00+00:00 -> 2025-04-03 20:59:00+00:00 (9975 rows)
    minute chunk 36/53: 2025-03-16 21:15:00+00:00 -> 2025-03-25 20:59:00+00:00 (9975 rows)
    minute chunk 37/53: 2025-03-13 21:15:00+00:00 -> 2025-03-14 20:59:00+00:00 (1425 rows)
    USDJPY: 1m -> 367501/525600 rows expected
    [2/22] USDJPY: 365 daily bars, 8729 hourly bars, 367501 minute bars
  [3/22] GBPUSD (GBPUSD=X) starting
    GBPUSD: downloading 1d data (365d target)
    GBPUSD: 1d -> 365/365d rows expected
    GBPUSD: downloading 1h data (target 8760 rows)
    GBPUSD: 1h -> 8730/8760 rows expected
    GBPUSD: downloading 1m data (target 525600 rows)
    minute chunk 1/53: 2026-02-24 22:15:00+00:00 -> 2026-03-05 21:59:00+00:00 (9975 rows)
    minute chunk 2/53: 2026-02-15 22:15:00+00:00 -> 2026-02-24 21:59:00+00:00 (9975 rows)
    minute chunk 3/53: 2026-02-04 22:15:00+00:00 -> 2026-02-13 21:59:00+00:00 (9975 rows)
    minute chunk 4/53: 2026-01-26 22:15:00+00:00 -> 2026-02-04 21:59:00+00:00 (9975 rows)
    minute chunk 5/53: 2026-01-15 22:15:00+00:00 -> 2026-01-26 21:59:00+00:00 (9975 rows)
    minute chunk 6/53: 2026-01-06 22:15:00+00:00 -> 2026-01-15 21:59:00+00:00 (9975 rows)
    minute chunk 7/53: 2025-12-26 00:00:00+00:00 -> 2026-01-06 21:59:00+00:00 (9765 rows)
    minute chunk 8/53: 2025-12-15 22:15:00+00:00 -> 2025-12-24 21:59:00+00:00 (9975 rows)
    minute chunk 9/53: 2025-12-04 22:15:00+00:00 -> 2025-12-15 21:59:00+00:00 (9975 rows)
    minute chunk 10/53: 2025-11-25 22:15:00+00:00 -> 2025-12-04 21:59:00+00:00 (9975 rows)
    minute chunk 11/53: 2025-11-16 22:15:00+00:00 -> 2025-11-25 21:59:00+00:00 (9975 rows)
    minute chunk 12/53: 2025-11-05 22:15:00+00:00 -> 2025-11-14 21:59:00+00:00 (9975 rows)
    minute chunk 13/53: 2025-10-27 21:15:00+00:00 -> 2025-11-05 21:59:00+00:00 (9975 rows)
    minute chunk 14/53: 2025-10-16 21:15:00+00:00 -> 2025-10-27 20:59:00+00:00 (9975 rows)
    minute chunk 15/53: 2025-10-07 21:15:00+00:00 -> 2025-10-16 20:59:00+00:00 (9975 rows)
    minute chunk 16/53: 2025-09-28 21:15:00+00:00 -> 2025-10-07 20:59:00+00:00 (9975 rows)
    minute chunk 17/53: 2025-09-17 21:15:00+00:00 -> 2025-09-26 20:59:00+00:00 (9975 rows)
    minute chunk 18/53: 2025-09-08 21:15:00+00:00 -> 2025-09-17 20:59:00+00:00 (9975 rows)
    minute chunk 19/53: 2025-08-28 21:15:00+00:00 -> 2025-09-08 20:59:00+00:00 (9975 rows)
    minute chunk 20/53: 2025-08-19 21:15:00+00:00 -> 2025-08-28 20:59:00+00:00 (9975 rows)
    minute chunk 21/53: 2025-08-10 21:15:00+00:00 -> 2025-08-19 20:59:00+00:00 (9975 rows)
    minute chunk 22/53: 2025-07-30 21:15:00+00:00 -> 2025-08-08 20:59:00+00:00 (9975 rows)
    minute chunk 23/53: 2025-07-21 21:15:00+00:00 -> 2025-07-30 20:59:00+00:00 (9975 rows)
    minute chunk 24/53: 2025-07-10 21:15:00+00:00 -> 2025-07-21 20:59:00+00:00 (9975 rows)
    minute chunk 25/53: 2025-07-01 21:15:00+00:00 -> 2025-07-10 20:59:00+00:00 (9975 rows)
    minute chunk 26/53: 2025-06-22 21:15:00+00:00 -> 2025-07-01 20:59:00+00:00 (9975 rows)
    minute chunk 27/53: 2025-06-11 21:15:00+00:00 -> 2025-06-20 20:59:00+00:00 (9975 rows)
    minute chunk 28/53: 2025-06-02 21:15:00+00:00 -> 2025-06-11 20:59:00+00:00 (9975 rows)
    minute chunk 29/53: 2025-05-22 21:15:00+00:00 -> 2025-06-02 20:59:00+00:00 (9975 rows)
    minute chunk 30/53: 2025-05-13 21:15:00+00:00 -> 2025-05-22 20:59:00+00:00 (9975 rows)
    minute chunk 31/53: 2025-05-04 21:15:00+00:00 -> 2025-05-13 20:59:00+00:00 (9975 rows)
    minute chunk 32/53: 2025-04-23 21:15:00+00:00 -> 2025-05-02 20:59:00+00:00 (9975 rows)
    minute chunk 33/53: 2025-04-14 21:15:00+00:00 -> 2025-04-23 20:59:00+00:00 (9810 rows)
    minute chunk 34/53: 2025-04-03 21:15:00+00:00 -> 2025-04-14 20:59:00+00:00 (9975 rows)
    minute chunk 35/53: 2025-03-25 21:15:00+00:00 -> 2025-04-03 20:59:00+00:00 (9975 rows)
    minute chunk 36/53: 2025-03-16 21:15:00+00:00 -> 2025-03-25 20:59:00+00:00 (9975 rows)
    minute chunk 37/53: 2025-03-13 21:15:00+00:00 -> 2025-03-14 20:59:00+00:00 (1425 rows)
    GBPUSD: 1m -> 367522/525600 rows expected
    [3/22] GBPUSD: 365 daily bars, 8730 hourly bars, 367522 minute bars
  [4/22] USDCHF (CHF=X) starting
    USDCHF: downloading 1d data (365d target)
    USDCHF: 1d -> 365/365d rows expected
    USDCHF: downloading 1h data (target 8760 rows)
    USDCHF: 1h -> 8730/8760 rows expected
    USDCHF: downloading 1m data (target 525600 rows)
    minute chunk 1/53: 2026-02-24 22:15:00+00:00 -> 2026-03-05 21:59:00+00:00 (9975 rows)
    minute chunk 2/53: 2026-02-15 22:15:00+00:00 -> 2026-02-24 21:59:00+00:00 (9975 rows)
    minute chunk 3/53: 2026-02-04 22:15:00+00:00 -> 2026-02-13 21:59:00+00:00 (9975 rows)
    minute chunk 4/53: 2026-01-26 22:15:00+00:00 -> 2026-02-04 21:59:00+00:00 (9975 rows)
    minute chunk 5/53: 2026-01-15 22:15:00+00:00 -> 2026-01-26 21:59:00+00:00 (9975 rows)
    minute chunk 6/53: 2026-01-06 22:15:00+00:00 -> 2026-01-15 21:59:00+00:00 (9975 rows)
    minute chunk 7/53: 2025-12-26 00:00:00+00:00 -> 2026-01-06 21:59:00+00:00 (9765 rows)
    minute chunk 8/53: 2025-12-15 22:15:00+00:00 -> 2025-12-24 21:59:00+00:00 (9975 rows)
    minute chunk 9/53: 2025-12-04 22:15:00+00:00 -> 2025-12-15 21:59:00+00:00 (9975 rows)
    minute chunk 10/53: 2025-11-25 22:15:00+00:00 -> 2025-12-04 21:59:00+00:00 (9975 rows)
    minute chunk 11/53: 2025-11-16 22:15:00+00:00 -> 2025-11-25 21:59:00+00:00 (9975 rows)
    minute chunk 12/53: 2025-11-05 22:15:00+00:00 -> 2025-11-14 21:59:00+00:00 (9975 rows)
    minute chunk 13/53: 2025-10-27 21:15:00+00:00 -> 2025-11-05 21:59:00+00:00 (9975 rows)
    minute chunk 14/53: 2025-10-16 21:15:00+00:00 -> 2025-10-27 20:59:00+00:00 (9975 rows)
    minute chunk 15/53: 2025-10-07 21:15:00+00:00 -> 2025-10-16 20:59:00+00:00 (9975 rows)
    minute chunk 16/53: 2025-09-28 21:15:00+00:00 -> 2025-10-07 20:59:00+00:00 (9975 rows)
    minute chunk 17/53: 2025-09-17 21:15:00+00:00 -> 2025-09-26 20:59:00+00:00 (9975 rows)
    minute chunk 18/53: 2025-09-08 21:15:00+00:00 -> 2025-09-17 20:59:00+00:00 (9975 rows)
    minute chunk 19/53: 2025-08-28 21:15:00+00:00 -> 2025-09-08 20:59:00+00:00 (9975 rows)
    minute chunk 20/53: 2025-08-19 21:15:00+00:00 -> 2025-08-28 20:59:00+00:00 (9975 rows)
    minute chunk 21/53: 2025-08-10 21:15:00+00:00 -> 2025-08-19 20:59:00+00:00 (9975 rows)
    minute chunk 22/53: 2025-07-30 21:15:00+00:00 -> 2025-08-08 20:59:00+00:00 (9975 rows)
    minute chunk 23/53: 2025-07-21 21:15:00+00:00 -> 2025-07-30 20:59:00+00:00 (9975 rows)
    minute chunk 24/53: 2025-07-10 21:15:00+00:00 -> 2025-07-21 20:59:00+00:00 (9975 rows)
    minute chunk 25/53: 2025-07-01 21:15:00+00:00 -> 2025-07-10 20:59:00+00:00 (9975 rows)
    minute chunk 26/53: 2025-06-22 21:15:00+00:00 -> 2025-07-01 20:59:00+00:00 (9975 rows)
    minute chunk 27/53: 2025-06-11 21:15:00+00:00 -> 2025-06-20 20:59:00+00:00 (9975 rows)
    minute chunk 28/53: 2025-06-02 21:15:00+00:00 -> 2025-06-11 20:59:00+00:00 (9975 rows)
    minute chunk 29/53: 2025-05-22 21:15:00+00:00 -> 2025-06-02 20:59:00+00:00 (9975 rows)
    minute chunk 30/53: 2025-05-13 21:15:00+00:00 -> 2025-05-22 20:59:00+00:00 (9975 rows)
    minute chunk 31/53: 2025-05-04 21:15:00+00:00 -> 2025-05-13 20:59:00+00:00 (9975 rows)
    minute chunk 32/53: 2025-04-23 21:15:00+00:00 -> 2025-05-02 20:59:00+00:00 (9975 rows)
    minute chunk 33/53: 2025-04-14 21:15:00+00:00 -> 2025-04-23 20:59:00+00:00 (9810 rows)
    minute chunk 34/53: 2025-04-03 21:15:00+00:00 -> 2025-04-14 20:59:00+00:00 (9975 rows)
    minute chunk 35/53: 2025-03-25 21:15:00+00:00 -> 2025-04-03 20:59:00+00:00 (9975 rows)
    minute chunk 36/53: 2025-03-16 21:15:00+00:00 -> 2025-03-25 20:59:00+00:00 (9975 rows)
    minute chunk 37/53: 2025-03-13 21:15:00+00:00 -> 2025-03-14 20:59:00+00:00 (1425 rows)
    USDCHF: 1m -> 367543/525600 rows expected
    [4/22] USDCHF: 365 daily bars, 8730 hourly bars, 367543 minute bars
  [5/22] AUDUSD (AUDUSD=X) starting
    AUDUSD: downloading 1d data (365d target)
    AUDUSD: 1d -> 365/365d rows expected
    AUDUSD: downloading 1h data (target 8760 rows)
    AUDUSD: 1h -> 8731/8760 rows expected
    AUDUSD: downloading 1m data (target 525600 rows)
    minute chunk 1/53: 2026-02-24 22:15:00+00:00 -> 2026-03-05 21:59:00+00:00 (9975 rows)
    minute chunk 2/53: 2026-02-15 22:15:00+00:00 -> 2026-02-24 21:59:00+00:00 (9975 rows)
    minute chunk 3/53: 2026-02-04 22:15:00+00:00 -> 2026-02-13 21:59:00+00:00 (9975 rows)
    minute chunk 4/53: 2026-01-26 22:15:00+00:00 -> 2026-02-04 21:59:00+00:00 (9975 rows)
    minute chunk 5/53: 2026-01-15 22:15:00+00:00 -> 2026-01-26 21:59:00+00:00 (9975 rows)
    minute chunk 6/53: 2026-01-06 22:15:00+00:00 -> 2026-01-15 21:59:00+00:00 (9975 rows)
    minute chunk 7/53: 2025-12-26 00:00:00+00:00 -> 2026-01-06 21:59:00+00:00 (9765 rows)
    minute chunk 8/53: 2025-12-15 22:15:00+00:00 -> 2025-12-24 21:59:00+00:00 (9975 rows)
    minute chunk 9/53: 2025-12-04 22:15:00+00:00 -> 2025-12-15 21:59:00+00:00 (9975 rows)
    minute chunk 10/53: 2025-11-25 22:15:00+00:00 -> 2025-12-04 21:59:00+00:00 (9975 rows)
    minute chunk 11/53: 2025-11-16 22:15:00+00:00 -> 2025-11-25 21:59:00+00:00 (9975 rows)
    minute chunk 12/53: 2025-11-05 22:15:00+00:00 -> 2025-11-14 21:59:00+00:00 (9975 rows)
    minute chunk 13/53: 2025-10-27 21:15:00+00:00 -> 2025-11-05 21:59:00+00:00 (9975 rows)
    minute chunk 14/53: 2025-10-16 21:15:00+00:00 -> 2025-10-27 20:59:00+00:00 (9975 rows)
    minute chunk 15/53: 2025-10-07 21:15:00+00:00 -> 2025-10-16 20:59:00+00:00 (9975 rows)
    minute chunk 16/53: 2025-09-28 21:15:00+00:00 -> 2025-10-07 20:59:00+00:00 (9975 rows)
    minute chunk 17/53: 2025-09-17 21:15:00+00:00 -> 2025-09-26 20:59:00+00:00 (9975 rows)
    minute chunk 18/53: 2025-09-08 21:15:00+00:00 -> 2025-09-17 20:59:00+00:00 (9975 rows)
    minute chunk 19/53: 2025-08-28 21:15:00+00:00 -> 2025-09-08 20:59:00+00:00 (9975 rows)
    minute chunk 20/53: 2025-08-19 21:15:00+00:00 -> 2025-08-28 20:59:00+00:00 (9975 rows)
    minute chunk 21/53: 2025-08-10 21:15:00+00:00 -> 2025-08-19 20:59:00+00:00 (9975 rows)
    minute chunk 22/53: 2025-07-30 21:15:00+00:00 -> 2025-08-08 20:59:00+00:00 (9975 rows)
    minute chunk 23/53: 2025-07-21 21:15:00+00:00 -> 2025-07-30 20:59:00+00:00 (9975 rows)
    minute chunk 24/53: 2025-07-10 21:15:00+00:00 -> 2025-07-21 20:59:00+00:00 (9975 rows)
    minute chunk 25/53: 2025-07-01 21:15:00+00:00 -> 2025-07-10 20:59:00+00:00 (9975 rows)
    minute chunk 26/53: 2025-06-22 21:15:00+00:00 -> 2025-07-01 20:59:00+00:00 (9975 rows)
    minute chunk 27/53: 2025-06-11 21:15:00+00:00 -> 2025-06-20 20:59:00+00:00 (9975 rows)
    minute chunk 28/53: 2025-06-02 21:15:00+00:00 -> 2025-06-11 20:59:00+00:00 (9975 rows)
    minute chunk 29/53: 2025-05-22 21:15:00+00:00 -> 2025-06-02 20:59:00+00:00 (9975 rows)
    minute chunk 30/53: 2025-05-13 21:15:00+00:00 -> 2025-05-22 20:59:00+00:00 (9975 rows)
    minute chunk 31/53: 2025-05-04 21:15:00+00:00 -> 2025-05-13 20:59:00+00:00 (9975 rows)
    minute chunk 32/53: 2025-04-23 21:15:00+00:00 -> 2025-05-02 20:59:00+00:00 (9975 rows)
    minute chunk 33/53: 2025-04-14 21:15:00+00:00 -> 2025-04-23 20:59:00+00:00 (9810 rows)
    minute chunk 34/53: 2025-04-03 21:15:00+00:00 -> 2025-04-14 20:59:00+00:00 (9975 rows)
    minute chunk 35/53: 2025-03-25 21:15:00+00:00 -> 2025-04-03 20:59:00+00:00 (9975 rows)
    minute chunk 36/53: 2025-03-16 21:15:00+00:00 -> 2025-03-25 20:59:00+00:00 (9975 rows)
    minute chunk 37/53: 2025-03-13 21:15:00+00:00 -> 2025-03-14 20:59:00+00:00 (1425 rows)
    AUDUSD: 1m -> 367564/525600 rows expected
    [5/22] AUDUSD: 365 daily bars, 8731 hourly bars, 367564 minute bars
  [6/22] USDCAD (CAD=X) starting
    USDCAD: downloading 1d data (365d target)
    USDCAD: 1d -> 365/365d rows expected
    USDCAD: downloading 1h data (target 8760 rows)
    USDCAD: 1h -> 8731/8760 rows expected
    USDCAD: downloading 1m data (target 525600 rows)
    minute chunk 1/53: 2026-02-24 22:15:00+00:00 -> 2026-03-05 21:59:00+00:00 (9975 rows)
    minute chunk 2/53: 2026-02-15 22:15:00+00:00 -> 2026-02-24 21:59:00+00:00 (9975 rows)
    minute chunk 3/53: 2026-02-04 22:15:00+00:00 -> 2026-02-13 21:59:00+00:00 (9975 rows)
    minute chunk 4/53: 2026-01-26 22:15:00+00:00 -> 2026-02-04 21:59:00+00:00 (9975 rows)
    minute chunk 5/53: 2026-01-15 22:15:00+00:00 -> 2026-01-26 21:59:00+00:00 (9975 rows)
    minute chunk 6/53: 2026-01-06 22:15:00+00:00 -> 2026-01-15 21:59:00+00:00 (9975 rows)
    minute chunk 7/53: 2025-12-26 00:00:00+00:00 -> 2026-01-06 21:59:00+00:00 (9765 rows)
    minute chunk 8/53: 2025-12-15 22:15:00+00:00 -> 2025-12-24 21:59:00+00:00 (9975 rows)
    minute chunk 9/53: 2025-12-04 22:15:00+00:00 -> 2025-12-15 21:59:00+00:00 (9975 rows)
    minute chunk 10/53: 2025-11-25 22:15:00+00:00 -> 2025-12-04 21:59:00+00:00 (9975 rows)
    minute chunk 11/53: 2025-11-16 22:15:00+00:00 -> 2025-11-25 21:59:00+00:00 (9975 rows)
    minute chunk 12/53: 2025-11-05 22:15:00+00:00 -> 2025-11-14 21:59:00+00:00 (9975 rows)
    minute chunk 13/53: 2025-10-27 21:15:00+00:00 -> 2025-11-05 21:59:00+00:00 (9975 rows)
    minute chunk 14/53: 2025-10-16 21:15:00+00:00 -> 2025-10-27 20:59:00+00:00 (9975 rows)
    minute chunk 15/53: 2025-10-07 21:15:00+00:00 -> 2025-10-16 20:59:00+00:00 (9975 rows)
    minute chunk 16/53: 2025-09-28 21:15:00+00:00 -> 2025-10-07 20:59:00+00:00 (9975 rows)
    minute chunk 17/53: 2025-09-17 21:15:00+00:00 -> 2025-09-26 20:59:00+00:00 (9975 rows)
    minute chunk 18/53: 2025-09-08 21:15:00+00:00 -> 2025-09-17 20:59:00+00:00 (9975 rows)
    minute chunk 19/53: 2025-08-28 21:15:00+00:00 -> 2025-09-08 20:59:00+00:00 (9975 rows)
    minute chunk 20/53: 2025-08-19 21:15:00+00:00 -> 2025-08-28 20:59:00+00:00 (9975 rows)
    minute chunk 21/53: 2025-08-10 21:15:00+00:00 -> 2025-08-19 20:59:00+00:00 (9975 rows)
    minute chunk 22/53: 2025-07-30 21:15:00+00:00 -> 2025-08-08 20:59:00+00:00 (9975 rows)
    minute chunk 23/53: 2025-07-21 21:15:00+00:00 -> 2025-07-30 20:59:00+00:00 (9975 rows)
    minute chunk 24/53: 2025-07-10 21:15:00+00:00 -> 2025-07-21 20:59:00+00:00 (9975 rows)
    minute chunk 25/53: 2025-07-01 21:15:00+00:00 -> 2025-07-10 20:59:00+00:00 (9975 rows)
    minute chunk 26/53: 2025-06-22 21:15:00+00:00 -> 2025-07-01 20:59:00+00:00 (9975 rows)
    minute chunk 27/53: 2025-06-11 21:15:00+00:00 -> 2025-06-20 20:59:00+00:00 (9975 rows)
    minute chunk 28/53: 2025-06-02 21:15:00+00:00 -> 2025-06-11 20:59:00+00:00 (9975 rows)
    minute chunk 29/53: 2025-05-22 21:15:00+00:00 -> 2025-06-02 20:59:00+00:00 (9975 rows)
    minute chunk 30/53: 2025-05-13 21:15:00+00:00 -> 2025-05-22 20:59:00+00:00 (9975 rows)
    minute chunk 31/53: 2025-05-04 21:15:00+00:00 -> 2025-05-13 20:59:00+00:00 (9975 rows)
    minute chunk 32/53: 2025-04-23 21:15:00+00:00 -> 2025-05-02 20:59:00+00:00 (9975 rows)
    minute chunk 33/53: 2025-04-14 21:15:00+00:00 -> 2025-04-23 20:59:00+00:00 (9810 rows)
    minute chunk 34/53: 2025-04-03 21:15:00+00:00 -> 2025-04-14 20:59:00+00:00 (9975 rows)
    minute chunk 35/53: 2025-03-25 21:15:00+00:00 -> 2025-04-03 20:59:00+00:00 (9975 rows)
    minute chunk 36/53: 2025-03-16 21:15:00+00:00 -> 2025-03-25 20:59:00+00:00 (9975 rows)
    minute chunk 37/53: 2025-03-13 21:15:00+00:00 -> 2025-03-14 20:59:00+00:00 (1425 rows)
    USDCAD: 1m -> 367585/525600 rows expected
    [6/22] USDCAD: 365 daily bars, 8731 hourly bars, 367585 minute bars
  [7/22] NZDUSD (NZDUSD=X) starting
    NZDUSD: downloading 1d data (365d target)
    NZDUSD: 1d -> 365/365d rows expected
    NZDUSD: downloading 1h data (target 8760 rows)
    NZDUSD: 1h -> 8718/8760 rows expected
    NZDUSD: downloading 1m data (target 525600 rows)
    minute chunk 1/53: 2026-02-24 18:15:00+00:00 -> 2026-03-05 17:59:00+00:00 (9975 rows)
    minute chunk 2/53: 2026-02-15 22:15:00+00:00 -> 2026-02-24 17:59:00+00:00 (9735 rows)
    minute chunk 3/53: 2026-02-04 18:15:00+00:00 -> 2026-02-13 21:59:00+00:00 (10215 rows)
    minute chunk 4/53: 2026-01-26 18:15:00+00:00 -> 2026-02-04 17:59:00+00:00 (9975 rows)
    minute chunk 5/53: 2026-01-15 18:15:00+00:00 -> 2026-01-26 17:59:00+00:00 (9975 rows)
    minute chunk 6/53: 2026-01-06 18:15:00+00:00 -> 2026-01-15 17:59:00+00:00 (9975 rows)
    minute chunk 7/53: 2025-12-26 00:00:00+00:00 -> 2026-01-06 17:59:00+00:00 (9285 rows)
    minute chunk 8/53: 2025-12-15 18:15:00+00:00 -> 2025-12-24 17:59:00+00:00 (9975 rows)
    minute chunk 9/53: 2025-12-04 18:15:00+00:00 -> 2025-12-15 17:59:00+00:00 (9975 rows)
    minute chunk 10/53: 2025-11-25 18:15:00+00:00 -> 2025-12-04 17:59:00+00:00 (9975 rows)
    minute chunk 11/53: 2025-11-16 22:15:00+00:00 -> 2025-11-25 17:59:00+00:00 (9735 rows)
    minute chunk 12/53: 2025-11-05 18:15:00+00:00 -> 2025-11-14 21:59:00+00:00 (10215 rows)
    minute chunk 13/53: 2025-10-27 18:15:00+00:00 -> 2025-11-05 17:59:00+00:00 (9915 rows)
    minute chunk 14/53: 2025-10-16 18:15:00+00:00 -> 2025-10-27 17:59:00+00:00 (9975 rows)
    minute chunk 15/53: 2025-10-07 18:15:00+00:00 -> 2025-10-16 17:59:00+00:00 (9975 rows)
    minute chunk 16/53: 2025-09-28 21:15:00+00:00 -> 2025-10-07 17:59:00+00:00 (9795 rows)
    minute chunk 17/53: 2025-09-17 19:15:00+00:00 -> 2025-09-26 20:59:00+00:00 (10095 rows)
    minute chunk 18/53: 2025-09-08 19:15:00+00:00 -> 2025-09-17 18:59:00+00:00 (9975 rows)
    minute chunk 19/53: 2025-08-28 19:15:00+00:00 -> 2025-09-08 18:59:00+00:00 (9975 rows)
    minute chunk 20/53: 2025-08-19 19:15:00+00:00 -> 2025-08-28 18:59:00+00:00 (9975 rows)
    minute chunk 21/53: 2025-08-10 21:15:00+00:00 -> 2025-08-19 18:59:00+00:00 (9855 rows)
    minute chunk 22/53: 2025-07-30 19:15:00+00:00 -> 2025-08-08 20:59:00+00:00 (10095 rows)
    minute chunk 23/53: 2025-07-21 19:15:00+00:00 -> 2025-07-30 18:59:00+00:00 (9975 rows)
    minute chunk 24/53: 2025-07-10 19:15:00+00:00 -> 2025-07-21 18:59:00+00:00 (9975 rows)
    minute chunk 25/53: 2025-07-01 19:15:00+00:00 -> 2025-07-10 18:59:00+00:00 (9975 rows)
    minute chunk 26/53: 2025-06-22 21:15:00+00:00 -> 2025-07-01 18:59:00+00:00 (9855 rows)
    minute chunk 27/53: 2025-06-11 19:15:00+00:00 -> 2025-06-20 20:59:00+00:00 (10095 rows)
    minute chunk 28/53: 2025-06-02 19:15:00+00:00 -> 2025-06-11 18:59:00+00:00 (9975 rows)
    minute chunk 29/53: 2025-05-22 19:15:00+00:00 -> 2025-06-02 18:59:00+00:00 (9975 rows)
    minute chunk 30/53: 2025-05-13 19:15:00+00:00 -> 2025-05-22 18:59:00+00:00 (9975 rows)
    minute chunk 31/53: 2025-05-04 21:15:00+00:00 -> 2025-05-13 18:59:00+00:00 (9855 rows)
    minute chunk 32/53: 2025-04-23 19:15:00+00:00 -> 2025-05-02 20:59:00+00:00 (10095 rows)
    minute chunk 33/53: 2025-04-14 19:15:00+00:00 -> 2025-04-23 18:59:00+00:00 (9810 rows)
    minute chunk 34/53: 2025-04-03 18:15:00+00:00 -> 2025-04-14 18:59:00+00:00 (10035 rows)
    minute chunk 35/53: 2025-03-25 18:15:00+00:00 -> 2025-04-03 17:59:00+00:00 (9975 rows)
    minute chunk 36/53: 2025-03-16 21:15:00+00:00 -> 2025-03-25 17:59:00+00:00 (9795 rows)
    minute chunk 37/53: 2025-03-13 18:15:00+00:00 -> 2025-03-14 20:59:00+00:00 (1605 rows)
    NZDUSD: 1m -> 367126/525600 rows expected
    [7/22] NZDUSD: 365 daily bars, 8718 hourly bars, 367126 minute bars
  [8/22] EURGBP (EURGBP=X) starting
    EURGBP: downloading 1d data (365d target)
    EURGBP: 1d -> 365/365d rows expected
    EURGBP: downloading 1h data (target 8760 rows)
    EURGBP: 1h -> 8732/8760 rows expected
    EURGBP: downloading 1m data (target 525600 rows)
    minute chunk 1/53: 2026-02-24 22:15:00+00:00 -> 2026-03-05 21:59:00+00:00 (9975 rows)
    minute chunk 2/53: 2026-02-15 22:15:00+00:00 -> 2026-02-24 21:59:00+00:00 (9975 rows)
    minute chunk 3/53: 2026-02-04 22:15:00+00:00 -> 2026-02-13 21:59:00+00:00 (9975 rows)
    minute chunk 4/53: 2026-01-26 22:15:00+00:00 -> 2026-02-04 21:59:00+00:00 (9975 rows)
    minute chunk 5/53: 2026-01-15 22:15:00+00:00 -> 2026-01-26 21:59:00+00:00 (9975 rows)
    minute chunk 6/53: 2026-01-06 22:15:00+00:00 -> 2026-01-15 21:59:00+00:00 (9975 rows)
    minute chunk 7/53: 2025-12-26 00:00:00+00:00 -> 2026-01-06 21:59:00+00:00 (9765 rows)
    minute chunk 8/53: 2025-12-15 22:15:00+00:00 -> 2025-12-24 21:59:00+00:00 (9975 rows)
    minute chunk 9/53: 2025-12-04 22:15:00+00:00 -> 2025-12-15 21:59:00+00:00 (9975 rows)
    minute chunk 10/53: 2025-11-25 22:15:00+00:00 -> 2025-12-04 21:59:00+00:00 (9975 rows)
    minute chunk 11/53: 2025-11-16 22:15:00+00:00 -> 2025-11-25 21:59:00+00:00 (9975 rows)
    minute chunk 12/53: 2025-11-05 22:15:00+00:00 -> 2025-11-14 21:59:00+00:00 (9975 rows)
    minute chunk 13/53: 2025-10-27 21:15:00+00:00 -> 2025-11-05 21:59:00+00:00 (9975 rows)
    minute chunk 14/53: 2025-10-16 21:15:00+00:00 -> 2025-10-27 20:59:00+00:00 (9975 rows)
    minute chunk 15/53: 2025-10-07 21:15:00+00:00 -> 2025-10-16 20:59:00+00:00 (9975 rows)
    minute chunk 16/53: 2025-09-28 21:15:00+00:00 -> 2025-10-07 20:59:00+00:00 (9975 rows)
    minute chunk 17/53: 2025-09-17 21:15:00+00:00 -> 2025-09-26 20:59:00+00:00 (9975 rows)
    minute chunk 18/53: 2025-09-08 21:15:00+00:00 -> 2025-09-17 20:59:00+00:00 (9975 rows)
    minute chunk 19/53: 2025-08-28 21:15:00+00:00 -> 2025-09-08 20:59:00+00:00 (9975 rows)
    minute chunk 20/53: 2025-08-19 21:15:00+00:00 -> 2025-08-28 20:59:00+00:00 (9975 rows)
    minute chunk 21/53: 2025-08-10 21:15:00+00:00 -> 2025-08-19 20:59:00+00:00 (9975 rows)
    minute chunk 22/53: 2025-07-30 21:15:00+00:00 -> 2025-08-08 20:59:00+00:00 (9975 rows)
    minute chunk 23/53: 2025-07-21 21:15:00+00:00 -> 2025-07-30 20:59:00+00:00 (9975 rows)
    minute chunk 24/53: 2025-07-10 21:15:00+00:00 -> 2025-07-21 20:59:00+00:00 (9975 rows)
    minute chunk 25/53: 2025-07-01 21:15:00+00:00 -> 2025-07-10 20:59:00+00:00 (9975 rows)
    minute chunk 26/53: 2025-06-22 21:15:00+00:00 -> 2025-07-01 20:59:00+00:00 (9975 rows)
    minute chunk 27/53: 2025-06-11 21:15:00+00:00 -> 2025-06-20 20:59:00+00:00 (9975 rows)
    minute chunk 28/53: 2025-06-02 21:15:00+00:00 -> 2025-06-11 20:59:00+00:00 (9975 rows)
    minute chunk 29/53: 2025-05-22 21:15:00+00:00 -> 2025-06-02 20:59:00+00:00 (9975 rows)
    minute chunk 30/53: 2025-05-13 21:15:00+00:00 -> 2025-05-22 20:59:00+00:00 (9975 rows)
    minute chunk 31/53: 2025-05-04 21:15:00+00:00 -> 2025-05-13 20:59:00+00:00 (9975 rows)
    minute chunk 32/53: 2025-04-23 21:15:00+00:00 -> 2025-05-02 20:59:00+00:00 (9975 rows)
    minute chunk 33/53: 2025-04-14 21:15:00+00:00 -> 2025-04-23 20:59:00+00:00 (9810 rows)
    minute chunk 34/53: 2025-04-03 21:15:00+00:00 -> 2025-04-14 20:59:00+00:00 (9975 rows)
    minute chunk 35/53: 2025-03-25 21:15:00+00:00 -> 2025-04-03 20:59:00+00:00 (9975 rows)
    minute chunk 36/53: 2025-03-16 21:15:00+00:00 -> 2025-03-25 20:59:00+00:00 (9975 rows)
    minute chunk 37/53: 2025-03-13 21:15:00+00:00 -> 2025-03-14 20:59:00+00:00 (1425 rows)
    EURGBP: 1m -> 367627/525600 rows expected
    [8/22] EURGBP: 365 daily bars, 8732 hourly bars, 367627 minute bars
  [9/22] EURJPY (EURJPY=X) starting
    EURJPY: downloading 1d data (365d target)
    EURJPY: 1d -> 365/365d rows expected
    EURJPY: downloading 1h data (target 8760 rows)
    EURJPY: 1h -> 8732/8760 rows expected
    EURJPY: downloading 1m data (target 525600 rows)
    minute chunk 1/53: 2026-02-24 22:15:00+00:00 -> 2026-03-05 21:59:00+00:00 (9975 rows)
    minute chunk 2/53: 2026-02-15 22:15:00+00:00 -> 2026-02-24 21:59:00+00:00 (9975 rows)
    minute chunk 3/53: 2026-02-04 22:15:00+00:00 -> 2026-02-13 21:59:00+00:00 (9975 rows)
    minute chunk 4/53: 2026-01-26 22:15:00+00:00 -> 2026-02-04 21:59:00+00:00 (9975 rows)
    minute chunk 5/53: 2026-01-15 22:15:00+00:00 -> 2026-01-26 21:59:00+00:00 (9975 rows)
    minute chunk 6/53: 2026-01-06 22:15:00+00:00 -> 2026-01-15 21:59:00+00:00 (9975 rows)
    minute chunk 7/53: 2025-12-26 00:00:00+00:00 -> 2026-01-06 21:59:00+00:00 (9765 rows)
    minute chunk 8/53: 2025-12-15 22:15:00+00:00 -> 2025-12-24 21:59:00+00:00 (9975 rows)
    minute chunk 9/53: 2025-12-04 22:15:00+00:00 -> 2025-12-15 21:59:00+00:00 (9975 rows)
    minute chunk 10/53: 2025-11-25 22:15:00+00:00 -> 2025-12-04 21:59:00+00:00 (9975 rows)
    minute chunk 11/53: 2025-11-16 22:15:00+00:00 -> 2025-11-25 21:59:00+00:00 (9975 rows)
    minute chunk 12/53: 2025-11-05 22:15:00+00:00 -> 2025-11-14 21:59:00+00:00 (9975 rows)
    minute chunk 13/53: 2025-10-27 21:15:00+00:00 -> 2025-11-05 21:59:00+00:00 (9975 rows)
    minute chunk 14/53: 2025-10-16 21:15:00+00:00 -> 2025-10-27 20:59:00+00:00 (9975 rows)
    minute chunk 15/53: 2025-10-07 21:15:00+00:00 -> 2025-10-16 20:59:00+00:00 (9975 rows)
    minute chunk 16/53: 2025-09-28 21:15:00+00:00 -> 2025-10-07 20:59:00+00:00 (9975 rows)
    minute chunk 17/53: 2025-09-17 21:15:00+00:00 -> 2025-09-26 20:59:00+00:00 (9975 rows)
    minute chunk 18/53: 2025-09-08 21:15:00+00:00 -> 2025-09-17 20:59:00+00:00 (9975 rows)
    minute chunk 19/53: 2025-08-28 21:15:00+00:00 -> 2025-09-08 20:59:00+00:00 (9975 rows)
    minute chunk 20/53: 2025-08-19 21:15:00+00:00 -> 2025-08-28 20:59:00+00:00 (9975 rows)
    minute chunk 21/53: 2025-08-10 21:15:00+00:00 -> 2025-08-19 20:59:00+00:00 (9975 rows)
    minute chunk 22/53: 2025-07-30 21:15:00+00:00 -> 2025-08-08 20:59:00+00:00 (9975 rows)
    minute chunk 23/53: 2025-07-21 21:15:00+00:00 -> 2025-07-30 20:59:00+00:00 (9975 rows)
    minute chunk 24/53: 2025-07-10 21:15:00+00:00 -> 2025-07-21 20:59:00+00:00 (9975 rows)
    minute chunk 25/53: 2025-07-01 21:15:00+00:00 -> 2025-07-10 20:59:00+00:00 (9975 rows)
    minute chunk 26/53: 2025-06-22 21:15:00+00:00 -> 2025-07-01 20:59:00+00:00 (9975 rows)
    minute chunk 27/53: 2025-06-11 21:15:00+00:00 -> 2025-06-20 20:59:00+00:00 (9975 rows)
    minute chunk 28/53: 2025-06-02 21:15:00+00:00 -> 2025-06-11 20:59:00+00:00 (9975 rows)
    minute chunk 29/53: 2025-05-22 21:15:00+00:00 -> 2025-06-02 20:59:00+00:00 (9975 rows)
    IBKR fetch failed for EURJPY (1m): Socket disconnect
    EURJPY: 1m -> 297989/525600 rows expected
    [9/22] EURJPY: 365 daily bars, 8732 hourly bars, 297989 minute bars
  [10/22] GBPJPY (GBPJPY=X) starting
    GBPJPY: downloading 1d data (365d target)
    GBPJPY: 1d -> 0/365d rows expected
    GBPJPY: downloading 1h data (target 8760 rows)
    GBPJPY: 1h -> 0/8760 rows expected
    GBPJPY: downloading 1m data (target 525600 rows)
    GBPJPY: 1m -> 0/525600 rows expected
    [10/22] GBPJPY: 0 daily bars, 0 hourly bars, 0 minute bars
  [11/22] AUDJPY (AUDJPY=X) starting
    AUDJPY: downloading 1d data (365d target)
    AUDJPY: 1d -> 0/365d rows expected
    AUDJPY: downloading 1h data (target 8760 rows)
    AUDJPY: 1h -> 0/8760 rows expected
    AUDJPY: downloading 1m data (target 525600 rows)
    AUDJPY: 1m -> 0/525600 rows expected
    [11/22] AUDJPY: 0 daily bars, 0 hourly bars, 0 minute bars
  [12/22] CADJPY (CADJPY=X) starting
    CADJPY: downloading 1d data (365d target)
    CADJPY: 1d -> 0/365d rows expected
    CADJPY: downloading 1h data (target 8760 rows)
    CADJPY: 1h -> 0/8760 rows expected
    CADJPY: downloading 1m data (target 525600 rows)
    CADJPY: 1m -> 0/525600 rows expected
    [12/22] CADJPY: 0 daily bars, 0 hourly bars, 0 minute bars
  [13/22] CHFJPY (CHFJPY=X) starting
    CHFJPY: downloading 1d data (365d target)
    CHFJPY: 1d -> 0/365d rows expected
    CHFJPY: downloading 1h data (target 8760 rows)
    CHFJPY: 1h -> 0/8760 rows expected
    CHFJPY: downloading 1m data (target 525600 rows)
    CHFJPY: 1m -> 0/525600 rows expected
    [13/22] CHFJPY: 0 daily bars, 0 hourly bars, 0 minute bars
  [14/22] EURAUD (EURAUD=X) starting
    EURAUD: downloading 1d data (365d target)
    EURAUD: 1d -> 0/365d rows expected
    EURAUD: downloading 1h data (target 8760 rows)
    EURAUD: 1h -> 0/8760 rows expected
    EURAUD: downloading 1m data (target 525600 rows)
    EURAUD: 1m -> 0/525600 rows expected
    [14/22] EURAUD: 0 daily bars, 0 hourly bars, 0 minute bars
  [15/22] EURCAD (EURCAD=X) starting
    EURCAD: downloading 1d data (365d target)
    EURCAD: 1d -> 0/365d rows expected
    EURCAD: downloading 1h data (target 8760 rows)
    EURCAD: 1h -> 0/8760 rows expected
    EURCAD: downloading 1m data (target 525600 rows)
    EURCAD: 1m -> 0/525600 rows expected
    [15/22] EURCAD: 0 daily bars, 0 hourly bars, 0 minute bars
  [16/22] EURCHF (EURCHF=X) starting
    EURCHF: downloading 1d data (365d target)
    EURCHF: 1d -> 0/365d rows expected
    EURCHF: downloading 1h data (target 8760 rows)
    EURCHF: 1h -> 0/8760 rows expected
    EURCHF: downloading 1m data (target 525600 rows)
    EURCHF: 1m -> 0/525600 rows expected
    [16/22] EURCHF: 0 daily bars, 0 hourly bars, 0 minute bars
  [17/22] GBPAUD (GBPAUD=X) starting
    GBPAUD: downloading 1d data (365d target)
    GBPAUD: 1d -> 0/365d rows expected
    GBPAUD: downloading 1h data (target 8760 rows)
    GBPAUD: 1h -> 0/8760 rows expected
    GBPAUD: downloading 1m data (target 525600 rows)
    GBPAUD: 1m -> 0/525600 rows expected
    [17/22] GBPAUD: 0 daily bars, 0 hourly bars, 0 minute bars
  [18/22] GBPCAD (GBPCAD=X) starting
    GBPCAD: downloading 1d data (365d target)
    GBPCAD: 1d -> 0/365d rows expected
    GBPCAD: downloading 1h data (target 8760 rows)
    GBPCAD: 1h -> 0/8760 rows expected
    GBPCAD: downloading 1m data (target 525600 rows)
    GBPCAD: 1m -> 0/525600 rows expected
    [18/22] GBPCAD: 0 daily bars, 0 hourly bars, 0 minute bars
  [19/22] GBPCHF (GBPCHF=X) starting
    GBPCHF: downloading 1d data (365d target)
    GBPCHF: 1d -> 0/365d rows expected
    GBPCHF: downloading 1h data (target 8760 rows)
    GBPCHF: 1h -> 0/8760 rows expected
    GBPCHF: downloading 1m data (target 525600 rows)
    GBPCHF: 1m -> 0/525600 rows expected
    [19/22] GBPCHF: 0 daily bars, 0 hourly bars, 0 minute bars
  [20/22] AUDNZD (AUDNZD=X) starting
    AUDNZD: downloading 1d data (365d target)
    AUDNZD: 1d -> 0/365d rows expected
    AUDNZD: downloading 1h data (target 8760 rows)
    AUDNZD: 1h -> 0/8760 rows expected
    AUDNZD: downloading 1m data (target 525600 rows)
    AUDNZD: 1m -> 0/525600 rows expected
    [20/22] AUDNZD: 0 daily bars, 0 hourly bars, 0 minute bars
  [21/22] NZDJPY (NZDJPY=X) starting
    NZDJPY: downloading 1d data (365d target)
    NZDJPY: 1d -> 0/365d rows expected
    NZDJPY: downloading 1h data (target 8760 rows)
    NZDJPY: 1h -> 0/8760 rows expected
    NZDJPY: downloading 1m data (target 525600 rows)
    NZDJPY: 1m -> 0/525600 rows expected
    [21/22] NZDJPY: 0 daily bars, 0 hourly bars, 0 minute bars
  [22/22] AUDCAD (AUDCAD=X) starting
    AUDCAD: downloading 1d data (365d target)
    AUDCAD: 1d -> 0/365d rows expected
    AUDCAD: downloading 1h data (target 8760 rows)
    AUDCAD: 1h -> 0/8760 rows expected
    AUDCAD: downloading 1m data (target 525600 rows)
    AUDCAD: 1m -> 0/525600 rows expected
    [22/22] AUDCAD: 0 daily bars, 0 hourly bars, 0 minute bars

  Download completed in 11274.6s

  Cache contents:
  Ticker       Interval   From                         To                              Bars
  ------------------------------------------------------------------------------------------
  AUDUSD=X     1m         <28 <28  368989
  AUDUSD=X     1h         <28 <28    8731
  AUDUSD=X     1d         <28 <28     365
  CAD=X        1m         <28 <28  369010
  CAD=X        1h         <28 <28    8731
  CAD=X        1d         <28 <28     365
  CHF=X        1m         <28 <28  368968
  CHF=X        1h         <28 <28    8730
  CHF=X        1d         <28 <28     365
  EURGBP=X     1m         <28 <28  369052
  EURGBP=X     1h         <28 <28    8732
  EURGBP=X     1d         <28 <28     365
  EURJPY=X     1m         <28 <28  297989
  EURJPY=X     1h         <28 <28    8732
  EURJPY=X     1d         <28 <28     365
  EURUSD=X     1m         <28 <28  368905
  EURUSD=X     1h         <28 <28    8729
  EURUSD=X     1d         <28 <28     365
  GBPUSD=X     1m         <28 <28  368947
  GBPUSD=X     1h         <28 <28    8730
  GBPUSD=X     1d         <28 <28     365
  JPY=X        1m         <28 <28  368926
  JPY=X        1h         <28 <28    8729
  JPY=X        1d         <28 <28     365
  NZDUSD=X     1m         <28 <28  368731
  NZDUSD=X     1h         <28 <28    8718
  NZDUSD=X     1d         <28 <28     365
